[0.924s] Invoking command in '/home/gill2ex/proj_ws/build/wander': PYTHONPATH=/home/gill2ex/proj_ws/build/wander/prefix_override:/usr/lib/python3/dist-packages/colcon_core/task/python/colcon_distutils_commands:/home/gill2ex/proj_ws/install/wander/lib/python3.12/site-packages:${PYTHONPATH} /usr/bin/python3 -W ignore:setup.py install is deprecated -W ignore:easy_install command is deprecated setup.py develop --editable --build-directory /home/gill2ex/proj_ws/build/wander/build --no-deps symlink_data
[1.226s] running develop
[1.441s] running egg_info
[1.442s] creating wander.egg-info
[1.462s] writing wander.egg-info/PKG-INFO
[1.463s] writing dependency_links to wander.egg-info/dependency_links.txt
[1.463s] writing entry points to wander.egg-info/entry_points.txt
[1.463s] writing requirements to wander.egg-info/requires.txt
[1.463s] writing top-level names to wander.egg-info/top_level.txt
[1.463s] writing manifest file 'wander.egg-info/SOURCES.txt'
[1.506s] reading manifest file 'wander.egg-info/SOURCES.txt'
[1.507s] writing manifest file 'wander.egg-info/SOURCES.txt'
[1.559s] running build_ext
[1.559s] Creating /home/gill2ex/proj_ws/install/wander/lib/python3.12/site-packages/wander.egg-link (link to .)
[1.559s] Installing wander_node script to /home/gill2ex/proj_ws/install/wander/lib/wander
[1.560s] 
[1.560s] Installed /home/gill2ex/proj_ws/build/wander
[1.560s] running symlink_data
[1.560s] creating /home/gill2ex/proj_ws/install/wander/share/ament_index
[1.560s] creating /home/gill2ex/proj_ws/install/wander/share/ament_index/resource_index
[1.560s] creating /home/gill2ex/proj_ws/install/wander/share/ament_index/resource_index/packages
[1.560s] symbolically linking /home/gill2ex/proj_ws/build/wander/resource/wander -> /home/gill2ex/proj_ws/install/wander/share/ament_index/resource_index/packages
[1.560s] symbolically linking /home/gill2ex/proj_ws/build/wander/package.xml -> /home/gill2ex/proj_ws/install/wander/share/wander
[1.579s] Invoked command in '/home/gill2ex/proj_ws/build/wander' returned '0': PYTHONPATH=/home/gill2ex/proj_ws/build/wander/prefix_override:/usr/lib/python3/dist-packages/colcon_core/task/python/colcon_distutils_commands:/home/gill2ex/proj_ws/install/wander/lib/python3.12/site-packages:${PYTHONPATH} /usr/bin/python3 -W ignore:setup.py install is deprecated -W ignore:easy_install command is deprecated setup.py develop --editable --build-directory /home/gill2ex/proj_ws/build/wander/build --no-deps symlink_data
